<?xml version="1.0" encoding="utf-8"?>
<test-run id="2" testcasecount="15" result="Passed" total="15" passed="15" failed="0" inconclusive="0" skipped="0" asserts="0" engine-version="3.5.0.0" clr-version="4.0.30319.42000" start-time="2025-02-17 03:22:18Z" end-time="2025-02-17 03:22:20Z" duration="1.2646882">
  <test-suite type="TestSuite" id="1033" name="CZGAME_U" fullname="CZGAME_U" runstate="Runnable" testcasecount="15" result="Passed" start-time="2025-02-17 03:22:18Z" end-time="2025-02-17 03:22:20Z" duration="1.264688" total="15" passed="15" failed="0" inconclusive="0" skipped="0" asserts="0">
    <properties>
      <property name="platform" value="EditMode" />
    </properties>
    <test-suite type="Assembly" id="1011" name="CZ.Tests.EditMode.dll" fullname="C:/Users/wiggl/Documents/Unity/CZGAME_U/Library/ScriptAssemblies/CZ.Tests.EditMode.dll" runstate="Runnable" testcasecount="8" result="Passed" start-time="2025-02-17 03:22:18Z" end-time="2025-02-17 03:22:20Z" duration="1.233391" total="8" passed="8" failed="0" inconclusive="0" skipped="0" asserts="0">
      <properties>
        <property name="_PID" value="5392" />
        <property name="_APPDOMAIN" value="Unity Child Domain" />
        <property name="platform" value="EditMode" />
        <property name="EditorOnly" value="True" />
      </properties>
      <test-suite type="TestSuite" id="1012" name="CZ" fullname="CZ" runstate="Runnable" testcasecount="8" result="Passed" start-time="2025-02-17 03:22:18Z" end-time="2025-02-17 03:22:20Z" duration="1.230808" total="8" passed="8" failed="0" inconclusive="0" skipped="0" asserts="0">
        <properties />
        <test-suite type="TestSuite" id="1013" name="Tests" fullname="CZ.Tests" runstate="Runnable" testcasecount="8" result="Passed" start-time="2025-02-17 03:22:18Z" end-time="2025-02-17 03:22:20Z" duration="1.229262" total="8" passed="8" failed="0" inconclusive="0" skipped="0" asserts="0">
          <properties />
          <test-suite type="TestSuite" id="1014" name="EditMode" fullname="CZ.Tests.EditMode" runstate="Runnable" testcasecount="8" result="Passed" start-time="2025-02-17 03:22:18Z" end-time="2025-02-17 03:22:20Z" duration="1.227184" total="8" passed="8" failed="0" inconclusive="0" skipped="0" asserts="0">
            <properties />
            <test-suite type="TestSuite" id="1015" name="Core" fullname="CZ.Tests.EditMode.Core" runstate="Runnable" testcasecount="7" result="Passed" start-time="2025-02-17 03:22:18Z" end-time="2025-02-17 03:22:20Z" duration="1.222405" total="7" passed="7" failed="0" inconclusive="0" skipped="0" asserts="0">
              <properties />
              <test-suite type="TestFixture" id="1003" name="PoolingSystemTests" fullname="CZ.Tests.EditMode.Core.PoolingSystemTests" classname="CZ.Tests.EditMode.Core.PoolingSystemTests" runstate="Runnable" testcasecount="7" result="Passed" start-time="2025-02-17 03:22:18Z" end-time="2025-02-17 03:22:20Z" duration="1.219444" total="7" passed="7" failed="0" inconclusive="0" skipped="0" asserts="0">
                <properties />
                <test-case id="1008" name="Pool_Clear_ReleasesAllObjects" fullname="CZ.Tests.EditMode.Core.PoolingSystemTests.Pool_Clear_ReleasesAllObjects" methodname="Pool_Clear_ReleasesAllObjects" classname="CZ.Tests.EditMode.Core.PoolingSystemTests" runstate="Runnable" seed="1935817153" result="Passed" start-time="2025-02-17 03:22:18Z" end-time="2025-02-17 03:22:18Z" duration="0.017745" asserts="0">
                  <properties>
                    <property name="retryIteration" value="0" />
                    <property name="repeatIteration" value="0" />
                  </properties>
                </test-case>
                <test-case id="1007" name="Pool_Expansion_StaysWithinMaxSize" fullname="CZ.Tests.EditMode.Core.PoolingSystemTests.Pool_Expansion_StaysWithinMaxSize" methodname="Pool_Expansion_StaysWithinMaxSize" classname="CZ.Tests.EditMode.Core.PoolingSystemTests" runstate="Runnable" seed="203098324" result="Passed" start-time="2025-02-17 03:22:18Z" end-time="2025-02-17 03:22:18Z" duration="0.038499" asserts="0">
                  <properties>
                    <property name="retryIteration" value="0" />
                    <property name="repeatIteration" value="0" />
                  </properties>
                  <output><![CDATA[
IgnoreFailingMessages:true
Pool 'TestPool' expanded. Current size: 51, Peak: 51
Pool 'TestPool' expanded. Current size: 52, Peak: 52
Pool 'TestPool' expanded. Current size: 53, Peak: 53
Pool 'TestPool' expanded. Current size: 54, Peak: 54
Pool 'TestPool' expanded. Current size: 55, Peak: 55
Pool 'TestPool' expanded. Current size: 56, Peak: 56
Pool 'TestPool' expanded. Current size: 57, Peak: 57
Pool 'TestPool' expanded. Current size: 58, Peak: 58
Pool 'TestPool' expanded. Current size: 59, Peak: 59
Pool 'TestPool' expanded. Current size: 60, Peak: 60
Pool 'TestPool' expanded. Current size: 61, Peak: 61
Pool 'TestPool' expanded. Current size: 62, Peak: 62
Pool 'TestPool' expanded. Current size: 63, Peak: 63
Pool 'TestPool' expanded. Current size: 64, Peak: 64
Pool 'TestPool' expanded. Current size: 65, Peak: 65
Pool 'TestPool' expanded. Current size: 66, Peak: 66
Pool 'TestPool' expanded. Current size: 67, Peak: 67
Pool 'TestPool' expanded. Current size: 68, Peak: 68
Pool 'TestPool' expanded. Current size: 69, Peak: 69
Pool 'TestPool' expanded. Current size: 70, Peak: 70
Pool 'TestPool' expanded. Current size: 71, Peak: 71
Pool 'TestPool' expanded. Current size: 72, Peak: 72
Pool 'TestPool' expanded. Current size: 73, Peak: 73
Pool 'TestPool' expanded. Current size: 74, Peak: 74
Pool 'TestPool' expanded. Current size: 75, Peak: 75
Pool 'TestPool' expanded. Current size: 76, Peak: 76
Pool 'TestPool' expanded. Current size: 77, Peak: 77
Pool 'TestPool' expanded. Current size: 78, Peak: 78
Pool 'TestPool' expanded. Current size: 79, Peak: 79
Pool 'TestPool' expanded. Current size: 80, Peak: 80
Pool 'TestPool' expanded. Current size: 81, Peak: 81
Pool 'TestPool' expanded. Current size: 82, Peak: 82
Pool 'TestPool' expanded. Current size: 83, Peak: 83
Pool 'TestPool' expanded. Current size: 84, Peak: 84
Pool 'TestPool' expanded. Current size: 85, Peak: 85
Pool 'TestPool' expanded. Current size: 86, Peak: 86
Pool 'TestPool' expanded. Current size: 87, Peak: 87
Pool 'TestPool' expanded. Current size: 88, Peak: 88
Pool 'TestPool' expanded. Current size: 89, Peak: 89
Pool 'TestPool' expanded. Current size: 90, Peak: 90
Pool 'TestPool' expanded. Current size: 91, Peak: 91
Pool 'TestPool' expanded. Current size: 92, Peak: 92
Pool 'TestPool' expanded. Current size: 93, Peak: 93
Pool 'TestPool' expanded. Current size: 94, Peak: 94
Pool 'TestPool' expanded. Current size: 95, Peak: 95
Pool 'TestPool' expanded. Current size: 96, Peak: 96
Pool 'TestPool' expanded. Current size: 97, Peak: 97
Pool 'TestPool' expanded. Current size: 98, Peak: 98
Pool 'TestPool' expanded. Current size: 99, Peak: 99
Pool 'TestPool' expanded. Current size: 100, Peak: 100
Pool 'TestPool' expanded. Current size: 101, Peak: 101
Pool 'TestPool' expanded. Current size: 102, Peak: 102
Pool 'TestPool' expanded. Current size: 103, Peak: 103
Pool 'TestPool' expanded. Current size: 104, Peak: 104
Pool 'TestPool' expanded. Current size: 105, Peak: 105
Pool 'TestPool' expanded. Current size: 106, Peak: 106
Pool 'TestPool' expanded. Current size: 107, Peak: 107
Pool 'TestPool' expanded. Current size: 108, Peak: 108
Pool 'TestPool' expanded. Current size: 109, Peak: 109
Pool 'TestPool' expanded. Current size: 110, Peak: 110
Pool 'TestPool' expanded. Current size: 111, Peak: 111
Pool 'TestPool' expanded. Current size: 112, Peak: 112
Pool 'TestPool' expanded. Current size: 113, Peak: 113
Pool 'TestPool' expanded. Current size: 114, Peak: 114
Pool 'TestPool' expanded. Current size: 115, Peak: 115
Pool 'TestPool' expanded. Current size: 116, Peak: 116
Pool 'TestPool' expanded. Current size: 117, Peak: 117
Pool 'TestPool' expanded. Current size: 118, Peak: 118
Pool 'TestPool' expanded. Current size: 119, Peak: 119
Pool 'TestPool' expanded. Current size: 120, Peak: 120
Pool 'TestPool' reached max size of 120
Pool 'TestPool' reached max size of 120
Pool 'TestPool' reached max size of 120
Pool 'TestPool' reached max size of 120
Pool 'TestPool' reached max size of 120
Pool 'TestPool' reached max size of 120
Pool 'TestPool' reached max size of 120
Pool 'TestPool' reached max size of 120
Pool 'TestPool' reached max size of 120
Pool 'TestPool' reached max size of 120

IgnoreFailingMessages:false
]]></output>
                </test-case>
                <test-case id="1005" name="Pool_Get_ReturnsValidObject" fullname="CZ.Tests.EditMode.Core.PoolingSystemTests.Pool_Get_ReturnsValidObject" methodname="Pool_Get_ReturnsValidObject" classname="CZ.Tests.EditMode.Core.PoolingSystemTests" runstate="Runnable" seed="945312356" result="Passed" start-time="2025-02-17 03:22:18Z" end-time="2025-02-17 03:22:18Z" duration="0.002888" asserts="0">
                  <properties>
                    <property name="retryIteration" value="0" />
                    <property name="repeatIteration" value="0" />
                  </properties>
                </test-case>
                <test-case id="1004" name="Pool_InitializesWithCorrectSize" fullname="CZ.Tests.EditMode.Core.PoolingSystemTests.Pool_InitializesWithCorrectSize" methodname="Pool_InitializesWithCorrectSize" classname="CZ.Tests.EditMode.Core.PoolingSystemTests" runstate="Runnable" seed="958313322" result="Passed" start-time="2025-02-17 03:22:18Z" end-time="2025-02-17 03:22:18Z" duration="0.001032" asserts="0">
                  <properties>
                    <property name="retryIteration" value="0" />
                    <property name="repeatIteration" value="0" />
                  </properties>
                </test-case>
                <test-case id="1009" name="Pool_OnSpawnAndOnDespawn_AreCalled" fullname="CZ.Tests.EditMode.Core.PoolingSystemTests.Pool_OnSpawnAndOnDespawn_AreCalled" methodname="Pool_OnSpawnAndOnDespawn_AreCalled" classname="CZ.Tests.EditMode.Core.PoolingSystemTests" runstate="Runnable" seed="271282602" result="Passed" start-time="2025-02-17 03:22:18Z" end-time="2025-02-17 03:22:18Z" duration="0.000924" asserts="0">
                  <properties>
                    <property name="retryIteration" value="0" />
                    <property name="repeatIteration" value="0" />
                  </properties>
                </test-case>
                <test-case id="1006" name="Pool_Return_AddsObjectBackToPool" fullname="CZ.Tests.EditMode.Core.PoolingSystemTests.Pool_Return_AddsObjectBackToPool" methodname="Pool_Return_AddsObjectBackToPool" classname="CZ.Tests.EditMode.Core.PoolingSystemTests" runstate="Runnable" seed="972285457" result="Passed" start-time="2025-02-17 03:22:18Z" end-time="2025-02-17 03:22:18Z" duration="0.001055" asserts="0">
                  <properties>
                    <property name="retryIteration" value="0" />
                    <property name="repeatIteration" value="0" />
                  </properties>
                </test-case>
                <test-case id="1010" name="Pool_StressTest_MaintainsPerformance" fullname="CZ.Tests.EditMode.Core.PoolingSystemTests.Pool_StressTest_MaintainsPerformance" methodname="Pool_StressTest_MaintainsPerformance" classname="CZ.Tests.EditMode.Core.PoolingSystemTests" runstate="Runnable" seed="81675999" result="Passed" start-time="2025-02-17 03:22:18Z" end-time="2025-02-17 03:22:20Z" duration="1.143091" asserts="0">
                  <properties>
                    <property name="_JOINTYPE" value="UnityCombinatorial" />
                    <property name="retryIteration" value="0" />
                    <property name="repeatIteration" value="0" />
                  </properties>
                </test-case>
              </test-suite>
            </test-suite>
            <test-suite type="TestFixture" id="1001" name="TestScriptTests" fullname="CZ.Tests.EditMode.TestScriptTests" classname="CZ.Tests.EditMode.TestScriptTests" runstate="Runnable" testcasecount="1" result="Passed" start-time="2025-02-17 03:22:20Z" end-time="2025-02-17 03:22:20Z" duration="0.003224" total="1" passed="1" failed="0" inconclusive="0" skipped="0" asserts="0">
              <properties />
              <test-case id="1002" name="TestScript_WhenInitialized_Exists" fullname="CZ.Tests.EditMode.TestScriptTests.TestScript_WhenInitialized_Exists" methodname="TestScript_WhenInitialized_Exists" classname="CZ.Tests.EditMode.TestScriptTests" runstate="Runnable" seed="268400621" result="Passed" start-time="2025-02-17 03:22:20Z" end-time="2025-02-17 03:22:20Z" duration="0.000731" asserts="0">
                <properties>
                  <property name="retryIteration" value="0" />
                  <property name="repeatIteration" value="0" />
                </properties>
              </test-case>
            </test-suite>
          </test-suite>
        </test-suite>
      </test-suite>
    </test-suite>
    <test-suite type="Assembly" id="1024" name="CZ.Tests.EditMode.Enemy.dll" fullname="C:/Users/wiggl/Documents/Unity/CZGAME_U/Library/ScriptAssemblies/CZ.Tests.EditMode.Enemy.dll" runstate="Runnable" testcasecount="7" result="Passed" start-time="2025-02-17 03:22:20Z" end-time="2025-02-17 03:22:20Z" duration="0.022606" total="7" passed="7" failed="0" inconclusive="0" skipped="0" asserts="0">
      <properties>
        <property name="_PID" value="5392" />
        <property name="_APPDOMAIN" value="Unity Child Domain" />
        <property name="platform" value="EditMode" />
        <property name="EditorOnly" value="True" />
      </properties>
      <test-suite type="TestSuite" id="1025" name="CZ" fullname="CZ" runstate="Runnable" testcasecount="7" result="Passed" start-time="2025-02-17 03:22:20Z" end-time="2025-02-17 03:22:20Z" duration="0.018254" total="7" passed="7" failed="0" inconclusive="0" skipped="0" asserts="0">
        <properties />
        <test-suite type="TestSuite" id="1026" name="Tests" fullname="CZ.Tests" runstate="Runnable" testcasecount="7" result="Passed" start-time="2025-02-17 03:22:20Z" end-time="2025-02-17 03:22:20Z" duration="0.016328" total="7" passed="7" failed="0" inconclusive="0" skipped="0" asserts="0">
          <properties />
          <test-suite type="TestSuite" id="1027" name="EditMode" fullname="CZ.Tests.EditMode" runstate="Runnable" testcasecount="7" result="Passed" start-time="2025-02-17 03:22:20Z" end-time="2025-02-17 03:22:20Z" duration="0.014404" total="7" passed="7" failed="0" inconclusive="0" skipped="0" asserts="0">
            <properties />
            <test-suite type="TestSuite" id="1028" name="Enemy" fullname="CZ.Tests.EditMode.Enemy" runstate="Runnable" testcasecount="7" result="Passed" start-time="2025-02-17 03:22:20Z" end-time="2025-02-17 03:22:20Z" duration="0.012544" total="7" passed="7" failed="0" inconclusive="0" skipped="0" asserts="0">
              <properties />
              <test-suite type="TestFixture" id="1016" name="EnemySystemTests" fullname="CZ.Tests.EditMode.Enemy.EnemySystemTests" classname="CZ.Tests.EditMode.Enemy.EnemySystemTests" runstate="Runnable" testcasecount="7" result="Passed" start-time="2025-02-17 03:22:20Z" end-time="2025-02-17 03:22:20Z" duration="0.010552" total="7" passed="7" failed="0" inconclusive="0" skipped="0" asserts="0">
                <properties />
                <test-case id="1023" name="BaseEnemy_OnDespawn_CleansUpCorrectly" fullname="CZ.Tests.EditMode.Enemy.EnemySystemTests.BaseEnemy_OnDespawn_CleansUpCorrectly" methodname="BaseEnemy_OnDespawn_CleansUpCorrectly" classname="CZ.Tests.EditMode.Enemy.EnemySystemTests" runstate="Runnable" seed="302248771" result="Passed" start-time="2025-02-17 03:22:20Z" end-time="2025-02-17 03:22:20Z" duration="0.002383" asserts="0">
                  <properties>
                    <property name="retryIteration" value="0" />
                    <property name="repeatIteration" value="0" />
                  </properties>
                </test-case>
                <test-case id="1022" name="BaseEnemy_OnSpawn_InitializesCorrectly" fullname="CZ.Tests.EditMode.Enemy.EnemySystemTests.BaseEnemy_OnSpawn_InitializesCorrectly" methodname="BaseEnemy_OnSpawn_InitializesCorrectly" classname="CZ.Tests.EditMode.Enemy.EnemySystemTests" runstate="Runnable" seed="256239423" result="Passed" start-time="2025-02-17 03:22:20Z" end-time="2025-02-17 03:22:20Z" duration="0.001156" asserts="0">
                  <properties>
                    <property name="retryIteration" value="0" />
                    <property name="repeatIteration" value="0" />
                  </properties>
                </test-case>
                <test-case id="1017" name="BaseEnemy_WhenCreated_HasCorrectDefaultValues" fullname="CZ.Tests.EditMode.Enemy.EnemySystemTests.BaseEnemy_WhenCreated_HasCorrectDefaultValues" methodname="BaseEnemy_WhenCreated_HasCorrectDefaultValues" classname="CZ.Tests.EditMode.Enemy.EnemySystemTests" runstate="Runnable" seed="1230552664" result="Passed" start-time="2025-02-17 03:22:20Z" end-time="2025-02-17 03:22:20Z" duration="0.000455" asserts="0">
                  <properties>
                    <property name="retryIteration" value="0" />
                    <property name="repeatIteration" value="0" />
                  </properties>
                </test-case>
                <test-case id="1019" name="BaseEnemy_WhenHealthReachesZero_IsDeactivated" fullname="CZ.Tests.EditMode.Enemy.EnemySystemTests.BaseEnemy_WhenHealthReachesZero_IsDeactivated" methodname="BaseEnemy_WhenHealthReachesZero_IsDeactivated" classname="CZ.Tests.EditMode.Enemy.EnemySystemTests" runstate="Runnable" seed="672769319" result="Passed" start-time="2025-02-17 03:22:20Z" end-time="2025-02-17 03:22:20Z" duration="0.000517" asserts="0">
                  <properties>
                    <property name="retryIteration" value="0" />
                    <property name="repeatIteration" value="0" />
                  </properties>
                </test-case>
                <test-case id="1018" name="BaseEnemy_WhenTakingDamage_HealthDecreasesCorrectly" fullname="CZ.Tests.EditMode.Enemy.EnemySystemTests.BaseEnemy_WhenTakingDamage_HealthDecreasesCorrectly" methodname="BaseEnemy_WhenTakingDamage_HealthDecreasesCorrectly" classname="CZ.Tests.EditMode.Enemy.EnemySystemTests" runstate="Runnable" seed="311134172" result="Passed" start-time="2025-02-17 03:22:20Z" end-time="2025-02-17 03:22:20Z" duration="0.000437" asserts="0">
                  <properties>
                    <property name="retryIteration" value="0" />
                    <property name="repeatIteration" value="0" />
                  </properties>
                </test-case>
                <test-case id="1021" name="BaseEnemy_WhenTargetSet_UpdatesTargetPosition" fullname="CZ.Tests.EditMode.Enemy.EnemySystemTests.BaseEnemy_WhenTargetSet_UpdatesTargetPosition" methodname="BaseEnemy_WhenTargetSet_UpdatesTargetPosition" classname="CZ.Tests.EditMode.Enemy.EnemySystemTests" runstate="Runnable" seed="2045036849" result="Passed" start-time="2025-02-17 03:22:20Z" end-time="2025-02-17 03:22:20Z" duration="0.001867" asserts="0">
                  <properties>
                    <property name="retryIteration" value="0" />
                    <property name="repeatIteration" value="0" />
                  </properties>
                </test-case>
                <test-case id="1020" name="EnemySpawner_WhenCreated_HasCorrectDefaultValues" fullname="CZ.Tests.EditMode.Enemy.EnemySystemTests.EnemySpawner_WhenCreated_HasCorrectDefaultValues" methodname="EnemySpawner_WhenCreated_HasCorrectDefaultValues" classname="CZ.Tests.EditMode.Enemy.EnemySystemTests" runstate="Runnable" seed="567430020" result="Passed" start-time="2025-02-17 03:22:20Z" end-time="2025-02-17 03:22:20Z" duration="0.000506" asserts="0">
                  <properties>
                    <property name="retryIteration" value="0" />
                    <property name="repeatIteration" value="0" />
                  </properties>
                  <output><![CDATA[Saving results to: C:/Users/wiggl/AppData/LocalLow/Bobbert Games/CZGAME_U\TestResults.xml
]]></output>
                </test-case>
              </test-suite>
            </test-suite>
          </test-suite>
        </test-suite>
      </test-suite>
    </test-suite>
  </test-suite>
</test-run>