<?xml version="1.0" encoding="utf-8"?>
<test-run id="2" testcasecount="6" result="Passed" total="6" passed="6" failed="0" inconclusive="0" skipped="0" asserts="0" engine-version="3.5.0.0" clr-version="4.0.30319.42000" start-time="2025-02-15 23:48:14Z" end-time="2025-02-15 23:48:17Z" duration="2.2190184">
  <test-suite type="TestSuite" id="1017" name="CZGAME_U" fullname="CZGAME_U" runstate="Runnable" testcasecount="6" result="Passed" start-time="2025-02-15 23:48:14Z" end-time="2025-02-15 23:48:17Z" duration="2.219018" total="6" passed="6" failed="0" inconclusive="0" skipped="0" asserts="0">
    <properties>
      <property name="platform" value="PlayMode" />
    </properties>
    <test-suite type="Assembly" id="1010" name="CZ.Tests.PlayMode.dll" fullname="C:/Users/wiggl/Documents/Unity/CZGAME_U/Library/ScriptAssemblies/CZ.Tests.PlayMode.dll" runstate="Runnable" testcasecount="6" result="Passed" start-time="2025-02-15 23:48:14Z" end-time="2025-02-15 23:48:17Z" duration="2.209513" total="6" passed="6" failed="0" inconclusive="0" skipped="0" asserts="0">
      <properties>
        <property name="_PID" value="8500" />
        <property name="_APPDOMAIN" value="Unity Child Domain" />
        <property name="platform" value="PlayMode" />
        <property name="EditorOnly" value="False" />
      </properties>
      <test-suite type="TestSuite" id="1011" name="CZ" fullname="CZ" runstate="Runnable" testcasecount="6" result="Passed" start-time="2025-02-15 23:48:14Z" end-time="2025-02-15 23:48:17Z" duration="2.206301" total="6" passed="6" failed="0" inconclusive="0" skipped="0" asserts="0">
        <properties />
        <test-suite type="TestSuite" id="1012" name="Tests" fullname="CZ.Tests" runstate="Runnable" testcasecount="6" result="Passed" start-time="2025-02-15 23:48:14Z" end-time="2025-02-15 23:48:17Z" duration="2.203523" total="6" passed="6" failed="0" inconclusive="0" skipped="0" asserts="0">
          <properties />
          <test-suite type="TestSuite" id="1013" name="PlayMode" fullname="CZ.Tests.PlayMode" runstate="Runnable" testcasecount="6" result="Passed" start-time="2025-02-15 23:48:14Z" end-time="2025-02-15 23:48:17Z" duration="2.200800" total="6" passed="6" failed="0" inconclusive="0" skipped="0" asserts="0">
            <properties />
            <test-suite type="TestFixture" id="1001" name="GameManagerTests" fullname="CZ.Tests.PlayMode.GameManagerTests" classname="CZ.Tests.PlayMode.GameManagerTests" runstate="Runnable" testcasecount="3" result="Passed" start-time="2025-02-15 23:48:14Z" end-time="2025-02-15 23:48:15Z" duration="0.326552" total="3" passed="3" failed="0" inconclusive="0" skipped="0" asserts="0">
              <properties />
              <test-case id="1002" name="GameManager_Initialization_CreatesInstance" fullname="CZ.Tests.PlayMode.GameManagerTests.GameManager_Initialization_CreatesInstance" methodname="GameManager_Initialization_CreatesInstance" classname="CZ.Tests.PlayMode.GameManagerTests" runstate="Runnable" seed="596121013" result="Passed" start-time="2025-02-15 23:48:14Z" end-time="2025-02-15 23:48:14Z" duration="0.070029" asserts="0">
                <properties>
                  <property name="_JOINTYPE" value="UnityCombinatorial" />
                  <property name="retryIteration" value="0" />
                  <property name="repeatIteration" value="0" />
                </properties>
              </test-case>
              <test-case id="1004" name="GameManager_PerformanceMonitoring_IsActive" fullname="CZ.Tests.PlayMode.GameManagerTests.GameManager_PerformanceMonitoring_IsActive" methodname="GameManager_PerformanceMonitoring_IsActive" classname="CZ.Tests.PlayMode.GameManagerTests" runstate="Runnable" seed="191548541" result="Passed" start-time="2025-02-15 23:48:14Z" end-time="2025-02-15 23:48:15Z" duration="0.174757" asserts="0">
                <properties>
                  <property name="_JOINTYPE" value="UnityCombinatorial" />
                  <property name="retryIteration" value="0" />
                  <property name="repeatIteration" value="0" />
                </properties>
              </test-case>
              <test-case id="1003" name="GameManager_StateTransitions_WorkCorrectly" fullname="CZ.Tests.PlayMode.GameManagerTests.GameManager_StateTransitions_WorkCorrectly" methodname="GameManager_StateTransitions_WorkCorrectly" classname="CZ.Tests.PlayMode.GameManagerTests" runstate="Runnable" seed="1113103866" result="Passed" start-time="2025-02-15 23:48:15Z" end-time="2025-02-15 23:48:15Z" duration="0.068038" asserts="0">
                <properties>
                  <property name="_JOINTYPE" value="UnityCombinatorial" />
                  <property name="retryIteration" value="0" />
                  <property name="repeatIteration" value="0" />
                </properties>
              </test-case>
            </test-suite>
            <test-suite type="TestFixture" id="1005" name="PlayerControllerTests" fullname="CZ.Tests.PlayMode.PlayerControllerTests" classname="CZ.Tests.PlayMode.PlayerControllerTests" runstate="Runnable" testcasecount="2" result="Passed" start-time="2025-02-15 23:48:15Z" end-time="2025-02-15 23:48:16Z" duration="1.801940" total="2" passed="2" failed="0" inconclusive="0" skipped="0" asserts="0">
              <properties />
              <test-case id="1006" name="PlayerController_Movement_RespondsToInput" fullname="CZ.Tests.PlayMode.PlayerControllerTests.PlayerController_Movement_RespondsToInput" methodname="PlayerController_Movement_RespondsToInput" classname="CZ.Tests.PlayMode.PlayerControllerTests" runstate="Runnable" seed="1626071218" result="Passed" start-time="2025-02-15 23:48:15Z" end-time="2025-02-15 23:48:15Z" duration="0.671989" asserts="0">
                <properties>
                  <property name="_JOINTYPE" value="UnityCombinatorial" />
                  <property name="retryIteration" value="0" />
                  <property name="repeatIteration" value="0" />
                </properties>
                <output><![CDATA[Starting One Time Setup
One Time Setup Complete
Starting Standard Setup
Standard Setup Complete
Starting Unity Setup
Unity Setup Complete
Starting Standard Setup
Standard Setup Complete
Starting Standard Teardown
Standard Teardown Complete
Starting One Time Teardown
One Time Teardown Complete
]]></output>
              </test-case>
              <test-case id="1007" name="PlayerController_Velocity_RespectsMaxSpeed" fullname="CZ.Tests.PlayMode.PlayerControllerTests.PlayerController_Velocity_RespectsMaxSpeed" methodname="PlayerController_Velocity_RespectsMaxSpeed" classname="CZ.Tests.PlayMode.PlayerControllerTests" runstate="Runnable" seed="1249658882" result="Passed" start-time="2025-02-15 23:48:15Z" end-time="2025-02-15 23:48:16Z" duration="1.115482" asserts="0">
                <properties>
                  <property name="_JOINTYPE" value="UnityCombinatorial" />
                  <property name="retryIteration" value="0" />
                  <property name="repeatIteration" value="0" />
                </properties>
                <output><![CDATA[Starting One Time Setup
One Time Setup Complete
Starting Standard Setup
Standard Setup Complete
Starting Unity Setup
Unity Setup Complete
Starting Standard Setup
Standard Setup Complete
Starting Standard Teardown
Standard Teardown Complete
Starting One Time Teardown
One Time Teardown Complete
]]></output>
              </test-case>
            </test-suite>
            <test-suite type="TestFixture" id="1008" name="TestScriptPlayModeTests" fullname="CZ.Tests.PlayMode.TestScriptPlayModeTests" classname="CZ.Tests.PlayMode.TestScriptPlayModeTests" runstate="Runnable" testcasecount="1" result="Passed" start-time="2025-02-15 23:48:16Z" end-time="2025-02-15 23:48:17Z" duration="0.068555" total="1" passed="1" failed="0" inconclusive="0" skipped="0" asserts="0">
              <properties />
              <test-case id="1009" name="TestScript_InPlayMode_LogsMessageOnStart" fullname="CZ.Tests.PlayMode.TestScriptPlayModeTests.TestScript_InPlayMode_LogsMessageOnStart" methodname="TestScript_InPlayMode_LogsMessageOnStart" classname="CZ.Tests.PlayMode.TestScriptPlayModeTests" runstate="Runnable" seed="1979527744" result="Passed" start-time="2025-02-15 23:48:16Z" end-time="2025-02-15 23:48:17Z" duration="0.050313" asserts="0">
                <properties>
                  <property name="_JOINTYPE" value="UnityCombinatorial" />
                  <property name="retryIteration" value="0" />
                  <property name="repeatIteration" value="0" />
                </properties>
                <output><![CDATA[Test script initialized
Saving results to: C:/Users/wiggl/AppData/LocalLow/Bobbert Games/CZGAME_U\TestResults.xml
]]></output>
              </test-case>
            </test-suite>
          </test-suite>
        </test-suite>
      </test-suite>
    </test-suite>
  </test-suite>
</test-run>