<?xml version="1.0" encoding="utf-8"?>
<test-run id="2" testcasecount="4" result="Passed" total="4" passed="4" failed="0" inconclusive="0" skipped="0" asserts="0" engine-version="3.5.0.0" clr-version="4.0.30319.42000" start-time="2025-02-17 03:55:38Z" end-time="2025-02-17 03:55:51Z" duration="12.3383454">
  <test-suite type="TestSuite" id="1027" name="CZGAME_U" fullname="CZGAME_U" runstate="Runnable" testcasecount="10" result="Passed" start-time="2025-02-17 03:55:38Z" end-time="2025-02-17 03:55:51Z" duration="12.338345" total="4" passed="4" failed="0" inconclusive="0" skipped="0" asserts="0">
    <properties>
      <property name="platform" value="PlayMode" />
    </properties>
    <test-suite type="Assembly" id="1019" name="CZ.Tests.PlayMode.Enemy.dll" fullname="C:/Users/wiggl/Documents/Unity/CZGAME_U/Library/ScriptAssemblies/CZ.Tests.PlayMode.Enemy.dll" runstate="Runnable" testcasecount="4" result="Passed" start-time="2025-02-17 03:55:38Z" end-time="2025-02-17 03:55:51Z" duration="12.328687" total="4" passed="4" failed="0" inconclusive="0" skipped="0" asserts="0">
      <properties>
        <property name="_PID" value="5392" />
        <property name="_APPDOMAIN" value="Unity Child Domain" />
        <property name="platform" value="PlayMode" />
        <property name="EditorOnly" value="False" />
      </properties>
      <test-suite type="TestSuite" id="1020" name="CZ" fullname="CZ" runstate="Runnable" testcasecount="4" result="Passed" start-time="2025-02-17 03:55:38Z" end-time="2025-02-17 03:55:51Z" duration="12.316635" total="4" passed="4" failed="0" inconclusive="0" skipped="0" asserts="0">
        <properties />
        <test-suite type="TestSuite" id="1021" name="Tests" fullname="CZ.Tests" runstate="Runnable" testcasecount="4" result="Passed" start-time="2025-02-17 03:55:39Z" end-time="2025-02-17 03:55:51Z" duration="12.287554" total="4" passed="4" failed="0" inconclusive="0" skipped="0" asserts="0">
          <properties />
          <test-suite type="TestSuite" id="1022" name="PlayMode" fullname="CZ.Tests.PlayMode" runstate="Runnable" testcasecount="4" result="Passed" start-time="2025-02-17 03:55:39Z" end-time="2025-02-17 03:55:51Z" duration="12.282237" total="4" passed="4" failed="0" inconclusive="0" skipped="0" asserts="0">
            <properties />
            <test-suite type="TestSuite" id="1023" name="Enemy" fullname="CZ.Tests.PlayMode.Enemy" runstate="Runnable" testcasecount="4" result="Passed" start-time="2025-02-17 03:55:39Z" end-time="2025-02-17 03:55:51Z" duration="12.263853" total="4" passed="4" failed="0" inconclusive="0" skipped="0" asserts="0">
              <properties />
              <test-suite type="TestFixture" id="1014" name="EnemySystemPlayTests" fullname="CZ.Tests.PlayMode.Enemy.EnemySystemPlayTests" classname="CZ.Tests.PlayMode.Enemy.EnemySystemPlayTests" runstate="Runnable" testcasecount="4" result="Passed" start-time="2025-02-17 03:55:39Z" end-time="2025-02-17 03:55:51Z" duration="12.247151" total="4" passed="4" failed="0" inconclusive="0" skipped="0" asserts="0">
                <properties />
                <test-case id="1017" name="Enemy_FollowsTargetCorrectly" fullname="CZ.Tests.PlayMode.Enemy.EnemySystemPlayTests.Enemy_FollowsTargetCorrectly" methodname="Enemy_FollowsTargetCorrectly" classname="CZ.Tests.PlayMode.Enemy.EnemySystemPlayTests" runstate="Runnable" seed="1082077785" result="Passed" start-time="2025-02-17 03:55:39Z" end-time="2025-02-17 03:55:41Z" duration="2.248384" asserts="0">
                  <properties>
                    <property name="_JOINTYPE" value="UnityCombinatorial" />
                    <property name="retryIteration" value="0" />
                    <property name="repeatIteration" value="0" />
                  </properties>
                  <output><![CDATA[
IgnoreFailingMessages:true
[EnemySpawner] Pool initialized with 5 initial enemies and 10 max size.

IgnoreFailingMessages:false
]]></output>
                </test-case>
                <test-case id="1018" name="EnemyPool_HandlesRapidSpawnDespawn" fullname="CZ.Tests.PlayMode.Enemy.EnemySystemPlayTests.EnemyPool_HandlesRapidSpawnDespawn" methodname="EnemyPool_HandlesRapidSpawnDespawn" classname="CZ.Tests.PlayMode.Enemy.EnemySystemPlayTests" runstate="Runnable" seed="1391603637" result="Passed" start-time="2025-02-17 03:55:41Z" end-time="2025-02-17 03:55:43Z" duration="2.430319" asserts="0">
                  <properties>
                    <property name="_JOINTYPE" value="UnityCombinatorial" />
                    <property name="retryIteration" value="0" />
                    <property name="repeatIteration" value="0" />
                  </properties>
                  <output><![CDATA[
IgnoreFailingMessages:true
[EnemySpawner] Pool initialized with 5 initial enemies and 10 max size.

IgnoreFailingMessages:false
]]></output>
                </test-case>
                <test-case id="1016" name="EnemyPool_HandlesStressTest" fullname="CZ.Tests.PlayMode.Enemy.EnemySystemPlayTests.EnemyPool_HandlesStressTest" methodname="EnemyPool_HandlesStressTest" classname="CZ.Tests.PlayMode.Enemy.EnemySystemPlayTests" runstate="Runnable" seed="458276860" result="Passed" start-time="2025-02-17 03:55:43Z" end-time="2025-02-17 03:55:44Z" duration="1.082696" asserts="0">
                  <properties>
                    <property name="_JOINTYPE" value="UnityCombinatorial" />
                    <property name="retryIteration" value="0" />
                    <property name="repeatIteration" value="0" />
                  </properties>
                  <output><![CDATA[
IgnoreFailingMessages:true
[EnemySpawner] Pool initialized with 5 initial enemies and 10 max size.

IgnoreFailingMessages:false
]]></output>
                </test-case>
                <test-case id="1015" name="EnemySpawner_SpawnsCorrectNumberOfEnemies" fullname="CZ.Tests.PlayMode.Enemy.EnemySystemPlayTests.EnemySpawner_SpawnsCorrectNumberOfEnemies" methodname="EnemySpawner_SpawnsCorrectNumberOfEnemies" classname="CZ.Tests.PlayMode.Enemy.EnemySystemPlayTests" runstate="Runnable" seed="1048061097" result="Passed" start-time="2025-02-17 03:55:44Z" end-time="2025-02-17 03:55:51Z" duration="6.463605" asserts="0">
                  <properties>
                    <property name="_JOINTYPE" value="UnityCombinatorial" />
                    <property name="retryIteration" value="0" />
                    <property name="repeatIteration" value="0" />
                  </properties>
                  <output><![CDATA[
IgnoreFailingMessages:true
[EnemySpawner] Pool initialized with 5 initial enemies and 10 max size.

IgnoreFailingMessages:false
[EnemySpawner] Pool initialized with 5 initial enemies and 10 max size.
Saving results to: C:/Users/wiggl/AppData/LocalLow/Bobbert Games/CZGAME_U\TestResults.xml
]]></output>
                </test-case>
              </test-suite>
            </test-suite>
          </test-suite>
        </test-suite>
      </test-suite>
    </test-suite>
  </test-suite>
</test-run>