<?xml version="1.0" encoding="utf-8"?>
<test-run id="2" testcasecount="15" result="Passed" total="15" passed="15" failed="0" inconclusive="0" skipped="0" asserts="0" engine-version="3.5.0.0" clr-version="4.0.30319.42000" start-time="2025-02-17 22:07:35Z" end-time="2025-02-17 22:07:36Z" duration="1.0378304">
  <test-suite type="TestSuite" id="1033" name="CZGAME_U" fullname="CZGAME_U" runstate="Runnable" testcasecount="15" result="Passed" start-time="2025-02-17 22:07:35Z" end-time="2025-02-17 22:07:36Z" duration="1.037830" total="15" passed="15" failed="0" inconclusive="0" skipped="0" asserts="0">
    <properties>
      <property name="platform" value="EditMode" />
    </properties>
    <test-suite type="Assembly" id="1011" name="CZ.Tests.EditMode.dll" fullname="C:/Users/wiggl/Documents/Unity/CZGAME_U/Library/ScriptAssemblies/CZ.Tests.EditMode.dll" runstate="Runnable" testcasecount="8" result="Passed" start-time="2025-02-17 22:07:35Z" end-time="2025-02-17 22:07:36Z" duration="0.971471" total="8" passed="8" failed="0" inconclusive="0" skipped="0" asserts="0">
      <properties>
        <property name="_PID" value="8664" />
        <property name="_APPDOMAIN" value="Unity Child Domain" />
        <property name="platform" value="EditMode" />
        <property name="EditorOnly" value="True" />
      </properties>
      <test-suite type="TestSuite" id="1012" name="CZ" fullname="CZ" runstate="Runnable" testcasecount="8" result="Passed" start-time="2025-02-17 22:07:35Z" end-time="2025-02-17 22:07:36Z" duration="0.970110" total="8" passed="8" failed="0" inconclusive="0" skipped="0" asserts="0">
        <properties />
        <test-suite type="TestSuite" id="1013" name="Tests" fullname="CZ.Tests" runstate="Runnable" testcasecount="8" result="Passed" start-time="2025-02-17 22:07:35Z" end-time="2025-02-17 22:07:36Z" duration="0.968936" total="8" passed="8" failed="0" inconclusive="0" skipped="0" asserts="0">
          <properties />
          <test-suite type="TestSuite" id="1014" name="EditMode" fullname="CZ.Tests.EditMode" runstate="Runnable" testcasecount="8" result="Passed" start-time="2025-02-17 22:07:35Z" end-time="2025-02-17 22:07:36Z" duration="0.967798" total="8" passed="8" failed="0" inconclusive="0" skipped="0" asserts="0">
            <properties />
            <test-suite type="TestSuite" id="1015" name="Core" fullname="CZ.Tests.EditMode.Core" runstate="Runnable" testcasecount="7" result="Passed" start-time="2025-02-17 22:07:35Z" end-time="2025-02-17 22:07:36Z" duration="0.964276" total="7" passed="7" failed="0" inconclusive="0" skipped="0" asserts="0">
              <properties />
              <test-suite type="TestFixture" id="1003" name="PoolingSystemTests" fullname="CZ.Tests.EditMode.Core.PoolingSystemTests" classname="CZ.Tests.EditMode.Core.PoolingSystemTests" runstate="Runnable" testcasecount="7" result="Passed" start-time="2025-02-17 22:07:35Z" end-time="2025-02-17 22:07:36Z" duration="0.962323" total="7" passed="7" failed="0" inconclusive="0" skipped="0" asserts="0">
                <properties />
                <test-case id="1008" name="Pool_Clear_ReleasesAllObjects" fullname="CZ.Tests.EditMode.Core.PoolingSystemTests.Pool_Clear_ReleasesAllObjects" methodname="Pool_Clear_ReleasesAllObjects" classname="CZ.Tests.EditMode.Core.PoolingSystemTests" runstate="Runnable" seed="801467193" result="Passed" start-time="2025-02-17 22:07:35Z" end-time="2025-02-17 22:07:35Z" duration="0.017515" asserts="0">
                  <properties>
                    <property name="retryIteration" value="0" />
                    <property name="repeatIteration" value="0" />
                  </properties>
                </test-case>
                <test-case id="1007" name="Pool_Expansion_StaysWithinMaxSize" fullname="CZ.Tests.EditMode.Core.PoolingSystemTests.Pool_Expansion_StaysWithinMaxSize" methodname="Pool_Expansion_StaysWithinMaxSize" classname="CZ.Tests.EditMode.Core.PoolingSystemTests" runstate="Runnable" seed="2092099151" result="Passed" start-time="2025-02-17 22:07:35Z" end-time="2025-02-17 22:07:35Z" duration="0.038934" asserts="0">
                  <properties>
                    <property name="retryIteration" value="0" />
                    <property name="repeatIteration" value="0" />
                  </properties>
                  <output><![CDATA[
IgnoreFailingMessages:true
Pool 'TestPool' expanded. Size: 51, Peak: 51, Memory: 0.00MB
Pool 'TestPool' expanded. Size: 52, Peak: 52, Memory: 0.00MB
Pool 'TestPool' expanded. Size: 53, Peak: 53, Memory: 0.00MB
Pool 'TestPool' expanded. Size: 54, Peak: 54, Memory: 0.00MB
Pool 'TestPool' expanded. Size: 55, Peak: 55, Memory: 0.00MB
Pool 'TestPool' expanded. Size: 56, Peak: 56, Memory: 0.00MB
Pool 'TestPool' expanded. Size: 57, Peak: 57, Memory: 0.00MB
Pool 'TestPool' expanded. Size: 58, Peak: 58, Memory: 0.00MB
Pool 'TestPool' expanded. Size: 59, Peak: 59, Memory: 0.00MB
Pool 'TestPool' expanded. Size: 60, Peak: 60, Memory: 0.00MB
Pool 'TestPool' expanded. Size: 61, Peak: 61, Memory: 0.00MB
Pool 'TestPool' expanded. Size: 62, Peak: 62, Memory: 0.00MB
Pool 'TestPool' expanded. Size: 63, Peak: 63, Memory: 0.00MB
Pool 'TestPool' expanded. Size: 64, Peak: 64, Memory: 0.00MB
Pool 'TestPool' expanded. Size: 65, Peak: 65, Memory: 0.00MB
Pool 'TestPool' expanded. Size: 66, Peak: 66, Memory: 0.00MB
Pool 'TestPool' expanded. Size: 67, Peak: 67, Memory: 0.00MB
Pool 'TestPool' expanded. Size: 68, Peak: 68, Memory: 0.00MB
Pool 'TestPool' expanded. Size: 69, Peak: 69, Memory: 0.00MB
Pool 'TestPool' expanded. Size: 70, Peak: 70, Memory: 0.00MB
Pool 'TestPool' expanded. Size: 71, Peak: 71, Memory: 0.00MB
Pool 'TestPool' expanded. Size: 72, Peak: 72, Memory: 0.00MB
Pool 'TestPool' expanded. Size: 73, Peak: 73, Memory: 0.00MB
Pool 'TestPool' expanded. Size: 74, Peak: 74, Memory: 0.00MB
Pool 'TestPool' expanded. Size: 75, Peak: 75, Memory: 0.00MB
Pool 'TestPool' expanded. Size: 76, Peak: 76, Memory: 0.00MB
Pool 'TestPool' expanded. Size: 77, Peak: 77, Memory: 0.00MB
Pool 'TestPool' expanded. Size: 78, Peak: 78, Memory: 0.00MB
Pool 'TestPool' expanded. Size: 79, Peak: 79, Memory: 0.00MB
Pool 'TestPool' expanded. Size: 80, Peak: 80, Memory: 0.00MB
Pool 'TestPool' expanded. Size: 81, Peak: 81, Memory: 0.00MB
Pool 'TestPool' expanded. Size: 82, Peak: 82, Memory: 0.00MB
Pool 'TestPool' expanded. Size: 83, Peak: 83, Memory: 0.00MB
Pool 'TestPool' expanded. Size: 84, Peak: 84, Memory: 0.00MB
Pool 'TestPool' expanded. Size: 85, Peak: 85, Memory: 0.00MB
Pool 'TestPool' expanded. Size: 86, Peak: 86, Memory: 0.00MB
Pool 'TestPool' expanded. Size: 87, Peak: 87, Memory: 0.00MB
Pool 'TestPool' expanded. Size: 88, Peak: 88, Memory: 0.00MB
Pool 'TestPool' expanded. Size: 89, Peak: 89, Memory: 0.00MB
Pool 'TestPool' expanded. Size: 90, Peak: 90, Memory: 0.00MB
Pool 'TestPool' expanded. Size: 91, Peak: 91, Memory: 0.00MB
Pool 'TestPool' expanded. Size: 92, Peak: 92, Memory: 0.00MB
Pool 'TestPool' expanded. Size: 93, Peak: 93, Memory: 0.00MB
Pool 'TestPool' expanded. Size: 94, Peak: 94, Memory: 0.00MB
Pool 'TestPool' expanded. Size: 95, Peak: 95, Memory: 0.00MB
Pool 'TestPool' expanded. Size: 96, Peak: 96, Memory: 0.00MB
Pool 'TestPool' expanded. Size: 97, Peak: 97, Memory: 0.00MB
Pool 'TestPool' expanded. Size: 98, Peak: 98, Memory: 0.00MB
Pool 'TestPool' expanded. Size: 99, Peak: 99, Memory: 0.00MB
Pool 'TestPool' expanded. Size: 100, Peak: 100, Memory: 0.00MB
Pool 'TestPool' expanded. Size: 101, Peak: 101, Memory: 0.00MB
Pool 'TestPool' expanded. Size: 102, Peak: 102, Memory: 0.00MB
Pool 'TestPool' expanded. Size: 103, Peak: 103, Memory: 0.00MB
Pool 'TestPool' expanded. Size: 104, Peak: 104, Memory: 0.00MB
Pool 'TestPool' expanded. Size: 105, Peak: 105, Memory: 0.00MB
Pool 'TestPool' expanded. Size: 106, Peak: 106, Memory: 0.00MB
Pool 'TestPool' expanded. Size: 107, Peak: 107, Memory: 0.00MB
Pool 'TestPool' expanded. Size: 108, Peak: 108, Memory: 0.00MB
Pool 'TestPool' expanded. Size: 109, Peak: 109, Memory: 0.00MB
Pool 'TestPool' expanded. Size: 110, Peak: 110, Memory: 0.00MB
Pool 'TestPool' expanded. Size: 111, Peak: 111, Memory: 0.00MB
Pool 'TestPool' expanded. Size: 112, Peak: 112, Memory: 0.00MB
Pool 'TestPool' expanded. Size: 113, Peak: 113, Memory: 0.00MB
Pool 'TestPool' expanded. Size: 114, Peak: 114, Memory: 0.00MB
Pool 'TestPool' expanded. Size: 115, Peak: 115, Memory: 0.00MB
Pool 'TestPool' expanded. Size: 116, Peak: 116, Memory: 0.00MB
Pool 'TestPool' expanded. Size: 117, Peak: 117, Memory: 0.00MB
Pool 'TestPool' expanded. Size: 118, Peak: 118, Memory: 0.00MB
Pool 'TestPool' expanded. Size: 119, Peak: 119, Memory: 0.00MB
Pool 'TestPool' expanded. Size: 120, Peak: 120, Memory: 0.00MB
Pool 'TestPool' at max size limit (120). Cannot expand further.
Pool 'TestPool' at max size limit (120). Cannot expand further.
Pool 'TestPool' at max size limit (120). Cannot expand further.
Pool 'TestPool' at max size limit (120). Cannot expand further.
Pool 'TestPool' at max size limit (120). Cannot expand further.
Pool 'TestPool' at max size limit (120). Cannot expand further.
Pool 'TestPool' at max size limit (120). Cannot expand further.
Pool 'TestPool' at max size limit (120). Cannot expand further.
Pool 'TestPool' at max size limit (120). Cannot expand further.
Pool 'TestPool' at max size limit (120). Cannot expand further.

IgnoreFailingMessages:false
]]></output>
                </test-case>
                <test-case id="1005" name="Pool_Get_ReturnsValidObject" fullname="CZ.Tests.EditMode.Core.PoolingSystemTests.Pool_Get_ReturnsValidObject" methodname="Pool_Get_ReturnsValidObject" classname="CZ.Tests.EditMode.Core.PoolingSystemTests" runstate="Runnable" seed="507951755" result="Passed" start-time="2025-02-17 22:07:35Z" end-time="2025-02-17 22:07:35Z" duration="0.002786" asserts="0">
                  <properties>
                    <property name="retryIteration" value="0" />
                    <property name="repeatIteration" value="0" />
                  </properties>
                </test-case>
                <test-case id="1004" name="Pool_InitializesWithCorrectSize" fullname="CZ.Tests.EditMode.Core.PoolingSystemTests.Pool_InitializesWithCorrectSize" methodname="Pool_InitializesWithCorrectSize" classname="CZ.Tests.EditMode.Core.PoolingSystemTests" runstate="Runnable" seed="1462568899" result="Passed" start-time="2025-02-17 22:07:35Z" end-time="2025-02-17 22:07:35Z" duration="0.000947" asserts="0">
                  <properties>
                    <property name="retryIteration" value="0" />
                    <property name="repeatIteration" value="0" />
                  </properties>
                </test-case>
                <test-case id="1009" name="Pool_OnSpawnAndOnDespawn_AreCalled" fullname="CZ.Tests.EditMode.Core.PoolingSystemTests.Pool_OnSpawnAndOnDespawn_AreCalled" methodname="Pool_OnSpawnAndOnDespawn_AreCalled" classname="CZ.Tests.EditMode.Core.PoolingSystemTests" runstate="Runnable" seed="868433290" result="Passed" start-time="2025-02-17 22:07:35Z" end-time="2025-02-17 22:07:35Z" duration="0.000892" asserts="0">
                  <properties>
                    <property name="retryIteration" value="0" />
                    <property name="repeatIteration" value="0" />
                  </properties>
                </test-case>
                <test-case id="1006" name="Pool_Return_AddsObjectBackToPool" fullname="CZ.Tests.EditMode.Core.PoolingSystemTests.Pool_Return_AddsObjectBackToPool" methodname="Pool_Return_AddsObjectBackToPool" classname="CZ.Tests.EditMode.Core.PoolingSystemTests" runstate="Runnable" seed="1886843894" result="Passed" start-time="2025-02-17 22:07:35Z" end-time="2025-02-17 22:07:35Z" duration="0.001025" asserts="0">
                  <properties>
                    <property name="retryIteration" value="0" />
                    <property name="repeatIteration" value="0" />
                  </properties>
                </test-case>
                <test-case id="1010" name="Pool_StressTest_MaintainsPerformance" fullname="CZ.Tests.EditMode.Core.PoolingSystemTests.Pool_StressTest_MaintainsPerformance" methodname="Pool_StressTest_MaintainsPerformance" classname="CZ.Tests.EditMode.Core.PoolingSystemTests" runstate="Runnable" seed="376944700" result="Passed" start-time="2025-02-17 22:07:35Z" end-time="2025-02-17 22:07:36Z" duration="0.887398" asserts="0">
                  <properties>
                    <property name="_JOINTYPE" value="UnityCombinatorial" />
                    <property name="retryIteration" value="0" />
                    <property name="repeatIteration" value="0" />
                  </properties>
                </test-case>
              </test-suite>
            </test-suite>
            <test-suite type="TestFixture" id="1001" name="TestScriptTests" fullname="CZ.Tests.EditMode.TestScriptTests" classname="CZ.Tests.EditMode.TestScriptTests" runstate="Runnable" testcasecount="1" result="Passed" start-time="2025-02-17 22:07:36Z" end-time="2025-02-17 22:07:36Z" duration="0.002309" total="1" passed="1" failed="0" inconclusive="0" skipped="0" asserts="0">
              <properties />
              <test-case id="1002" name="TestScript_WhenInitialized_Exists" fullname="CZ.Tests.EditMode.TestScriptTests.TestScript_WhenInitialized_Exists" methodname="TestScript_WhenInitialized_Exists" classname="CZ.Tests.EditMode.TestScriptTests" runstate="Runnable" seed="1526502589" result="Passed" start-time="2025-02-17 22:07:36Z" end-time="2025-02-17 22:07:36Z" duration="0.000644" asserts="0">
                <properties>
                  <property name="retryIteration" value="0" />
                  <property name="repeatIteration" value="0" />
                </properties>
              </test-case>
            </test-suite>
          </test-suite>
        </test-suite>
      </test-suite>
    </test-suite>
    <test-suite type="Assembly" id="1024" name="CZ.Tests.EditMode.Enemy.dll" fullname="C:/Users/wiggl/Documents/Unity/CZGAME_U/Library/ScriptAssemblies/CZ.Tests.EditMode.Enemy.dll" runstate="Runnable" testcasecount="7" result="Passed" start-time="2025-02-17 22:07:36Z" end-time="2025-02-17 22:07:36Z" duration="0.059393" total="7" passed="7" failed="0" inconclusive="0" skipped="0" asserts="0">
      <properties>
        <property name="_PID" value="8664" />
        <property name="_APPDOMAIN" value="Unity Child Domain" />
        <property name="platform" value="EditMode" />
        <property name="EditorOnly" value="True" />
      </properties>
      <test-suite type="TestSuite" id="1025" name="CZ" fullname="CZ" runstate="Runnable" testcasecount="7" result="Passed" start-time="2025-02-17 22:07:36Z" end-time="2025-02-17 22:07:36Z" duration="0.055933" total="7" passed="7" failed="0" inconclusive="0" skipped="0" asserts="0">
        <properties />
        <test-suite type="TestSuite" id="1026" name="Tests" fullname="CZ.Tests" runstate="Runnable" testcasecount="7" result="Passed" start-time="2025-02-17 22:07:36Z" end-time="2025-02-17 22:07:36Z" duration="0.054770" total="7" passed="7" failed="0" inconclusive="0" skipped="0" asserts="0">
          <properties />
          <test-suite type="TestSuite" id="1027" name="EditMode" fullname="CZ.Tests.EditMode" runstate="Runnable" testcasecount="7" result="Passed" start-time="2025-02-17 22:07:36Z" end-time="2025-02-17 22:07:36Z" duration="0.053421" total="7" passed="7" failed="0" inconclusive="0" skipped="0" asserts="0">
            <properties />
            <test-suite type="TestSuite" id="1028" name="Enemy" fullname="CZ.Tests.EditMode.Enemy" runstate="Runnable" testcasecount="7" result="Passed" start-time="2025-02-17 22:07:36Z" end-time="2025-02-17 22:07:36Z" duration="0.052147" total="7" passed="7" failed="0" inconclusive="0" skipped="0" asserts="0">
              <properties />
              <test-suite type="TestFixture" id="1016" name="EnemySystemTests" fullname="CZ.Tests.EditMode.Enemy.EnemySystemTests" classname="CZ.Tests.EditMode.Enemy.EnemySystemTests" runstate="Runnable" testcasecount="7" result="Passed" start-time="2025-02-17 22:07:36Z" end-time="2025-02-17 22:07:36Z" duration="0.050719" total="7" passed="7" failed="0" inconclusive="0" skipped="0" asserts="0">
                <properties />
                <test-case id="1023" name="BaseEnemy_OnDespawn_CleansUpCorrectly" fullname="CZ.Tests.EditMode.Enemy.EnemySystemTests.BaseEnemy_OnDespawn_CleansUpCorrectly" methodname="BaseEnemy_OnDespawn_CleansUpCorrectly" classname="CZ.Tests.EditMode.Enemy.EnemySystemTests" runstate="Runnable" seed="1284857833" result="Passed" start-time="2025-02-17 22:07:36Z" end-time="2025-02-17 22:07:36Z" duration="0.009698" asserts="0">
                  <properties>
                    <property name="retryIteration" value="0" />
                    <property name="repeatIteration" value="0" />
                  </properties>
                  <output><![CDATA[Can't add component 'SpriteRenderer' to TestEnemy because such a component is already added to the game object!
Can't add component 'Rigidbody2D' to TestEnemy because such a component is already added to the game object!
Can't add component 'SpriteRenderer' to PooledEnemy because such a component is already added to the game object!
Can't add component 'Rigidbody2D' to PooledEnemy because such a component is already added to the game object!
Can't add component 'SpriteRenderer' to PooledEnemy because such a component is already added to the game object!
Can't add component 'Rigidbody2D' to PooledEnemy because such a component is already added to the game object!
Can't add component 'SpriteRenderer' to PooledEnemy because such a component is already added to the game object!
Can't add component 'Rigidbody2D' to PooledEnemy because such a component is already added to the game object!
Can't add component 'SpriteRenderer' to PooledEnemy because such a component is already added to the game object!
Can't add component 'Rigidbody2D' to PooledEnemy because such a component is already added to the game object!
Can't add component 'SpriteRenderer' to PooledEnemy because such a component is already added to the game object!
Can't add component 'Rigidbody2D' to PooledEnemy because such a component is already added to the game object!
[BaseEnemy] Initialized enemy: TestEnemy
[BaseEnemy] Enemy spawned: TestEnemy
[BaseEnemy] Enemy despawned: TestEnemy
]]></output>
                </test-case>
                <test-case id="1022" name="BaseEnemy_OnSpawn_InitializesCorrectly" fullname="CZ.Tests.EditMode.Enemy.EnemySystemTests.BaseEnemy_OnSpawn_InitializesCorrectly" methodname="BaseEnemy_OnSpawn_InitializesCorrectly" classname="CZ.Tests.EditMode.Enemy.EnemySystemTests" runstate="Runnable" seed="1252602247" result="Passed" start-time="2025-02-17 22:07:36Z" end-time="2025-02-17 22:07:36Z" duration="0.006725" asserts="0">
                  <properties>
                    <property name="retryIteration" value="0" />
                    <property name="repeatIteration" value="0" />
                  </properties>
                  <output><![CDATA[Can't add component 'SpriteRenderer' to TestEnemy because such a component is already added to the game object!
Can't add component 'Rigidbody2D' to TestEnemy because such a component is already added to the game object!
Can't add component 'SpriteRenderer' to PooledEnemy because such a component is already added to the game object!
Can't add component 'Rigidbody2D' to PooledEnemy because such a component is already added to the game object!
Can't add component 'SpriteRenderer' to PooledEnemy because such a component is already added to the game object!
Can't add component 'Rigidbody2D' to PooledEnemy because such a component is already added to the game object!
Can't add component 'SpriteRenderer' to PooledEnemy because such a component is already added to the game object!
Can't add component 'Rigidbody2D' to PooledEnemy because such a component is already added to the game object!
Can't add component 'SpriteRenderer' to PooledEnemy because such a component is already added to the game object!
Can't add component 'Rigidbody2D' to PooledEnemy because such a component is already added to the game object!
Can't add component 'SpriteRenderer' to PooledEnemy because such a component is already added to the game object!
Can't add component 'Rigidbody2D' to PooledEnemy because such a component is already added to the game object!
[BaseEnemy] Initialized enemy: TestEnemy
[BaseEnemy] Enemy spawned: TestEnemy
]]></output>
                </test-case>
                <test-case id="1017" name="BaseEnemy_WhenCreated_HasCorrectDefaultValues" fullname="CZ.Tests.EditMode.Enemy.EnemySystemTests.BaseEnemy_WhenCreated_HasCorrectDefaultValues" methodname="BaseEnemy_WhenCreated_HasCorrectDefaultValues" classname="CZ.Tests.EditMode.Enemy.EnemySystemTests" runstate="Runnable" seed="1288717022" result="Passed" start-time="2025-02-17 22:07:36Z" end-time="2025-02-17 22:07:36Z" duration="0.005472" asserts="0">
                  <properties>
                    <property name="retryIteration" value="0" />
                    <property name="repeatIteration" value="0" />
                  </properties>
                  <output><![CDATA[Can't add component 'SpriteRenderer' to TestEnemy because such a component is already added to the game object!
Can't add component 'Rigidbody2D' to TestEnemy because such a component is already added to the game object!
Can't add component 'SpriteRenderer' to PooledEnemy because such a component is already added to the game object!
Can't add component 'Rigidbody2D' to PooledEnemy because such a component is already added to the game object!
Can't add component 'SpriteRenderer' to PooledEnemy because such a component is already added to the game object!
Can't add component 'Rigidbody2D' to PooledEnemy because such a component is already added to the game object!
Can't add component 'SpriteRenderer' to PooledEnemy because such a component is already added to the game object!
Can't add component 'Rigidbody2D' to PooledEnemy because such a component is already added to the game object!
Can't add component 'SpriteRenderer' to PooledEnemy because such a component is already added to the game object!
Can't add component 'Rigidbody2D' to PooledEnemy because such a component is already added to the game object!
Can't add component 'SpriteRenderer' to PooledEnemy because such a component is already added to the game object!
Can't add component 'Rigidbody2D' to PooledEnemy because such a component is already added to the game object!
]]></output>
                </test-case>
                <test-case id="1019" name="BaseEnemy_WhenHealthReachesZero_IsDeactivated" fullname="CZ.Tests.EditMode.Enemy.EnemySystemTests.BaseEnemy_WhenHealthReachesZero_IsDeactivated" methodname="BaseEnemy_WhenHealthReachesZero_IsDeactivated" classname="CZ.Tests.EditMode.Enemy.EnemySystemTests" runstate="Runnable" seed="1747928842" result="Passed" start-time="2025-02-17 22:07:36Z" end-time="2025-02-17 22:07:36Z" duration="0.006043" asserts="0">
                  <properties>
                    <property name="retryIteration" value="0" />
                    <property name="repeatIteration" value="0" />
                  </properties>
                  <output><![CDATA[Can't add component 'SpriteRenderer' to TestEnemy because such a component is already added to the game object!
Can't add component 'Rigidbody2D' to TestEnemy because such a component is already added to the game object!
Can't add component 'SpriteRenderer' to PooledEnemy because such a component is already added to the game object!
Can't add component 'Rigidbody2D' to PooledEnemy because such a component is already added to the game object!
Can't add component 'SpriteRenderer' to PooledEnemy because such a component is already added to the game object!
Can't add component 'Rigidbody2D' to PooledEnemy because such a component is already added to the game object!
Can't add component 'SpriteRenderer' to PooledEnemy because such a component is already added to the game object!
Can't add component 'Rigidbody2D' to PooledEnemy because such a component is already added to the game object!
Can't add component 'SpriteRenderer' to PooledEnemy because such a component is already added to the game object!
Can't add component 'Rigidbody2D' to PooledEnemy because such a component is already added to the game object!
Can't add component 'SpriteRenderer' to PooledEnemy because such a component is already added to the game object!
Can't add component 'Rigidbody2D' to PooledEnemy because such a component is already added to the game object!
[BaseEnemy] Initialized enemy: TestEnemy
[BaseEnemy] Enemy spawned: TestEnemy
]]></output>
                </test-case>
                <test-case id="1018" name="BaseEnemy_WhenTakingDamage_HealthDecreasesCorrectly" fullname="CZ.Tests.EditMode.Enemy.EnemySystemTests.BaseEnemy_WhenTakingDamage_HealthDecreasesCorrectly" methodname="BaseEnemy_WhenTakingDamage_HealthDecreasesCorrectly" classname="CZ.Tests.EditMode.Enemy.EnemySystemTests" runstate="Runnable" seed="305655561" result="Passed" start-time="2025-02-17 22:07:36Z" end-time="2025-02-17 22:07:36Z" duration="0.005220" asserts="0">
                  <properties>
                    <property name="retryIteration" value="0" />
                    <property name="repeatIteration" value="0" />
                  </properties>
                  <output><![CDATA[Can't add component 'SpriteRenderer' to TestEnemy because such a component is already added to the game object!
Can't add component 'Rigidbody2D' to TestEnemy because such a component is already added to the game object!
Can't add component 'SpriteRenderer' to PooledEnemy because such a component is already added to the game object!
Can't add component 'Rigidbody2D' to PooledEnemy because such a component is already added to the game object!
Can't add component 'SpriteRenderer' to PooledEnemy because such a component is already added to the game object!
Can't add component 'Rigidbody2D' to PooledEnemy because such a component is already added to the game object!
Can't add component 'SpriteRenderer' to PooledEnemy because such a component is already added to the game object!
Can't add component 'Rigidbody2D' to PooledEnemy because such a component is already added to the game object!
Can't add component 'SpriteRenderer' to PooledEnemy because such a component is already added to the game object!
Can't add component 'Rigidbody2D' to PooledEnemy because such a component is already added to the game object!
Can't add component 'SpriteRenderer' to PooledEnemy because such a component is already added to the game object!
Can't add component 'Rigidbody2D' to PooledEnemy because such a component is already added to the game object!
]]></output>
                </test-case>
                <test-case id="1021" name="BaseEnemy_WhenTargetSet_UpdatesTargetPosition" fullname="CZ.Tests.EditMode.Enemy.EnemySystemTests.BaseEnemy_WhenTargetSet_UpdatesTargetPosition" methodname="BaseEnemy_WhenTargetSet_UpdatesTargetPosition" classname="CZ.Tests.EditMode.Enemy.EnemySystemTests" runstate="Runnable" seed="112782459" result="Passed" start-time="2025-02-17 22:07:36Z" end-time="2025-02-17 22:07:36Z" duration="0.009411" asserts="0">
                  <properties>
                    <property name="retryIteration" value="0" />
                    <property name="repeatIteration" value="0" />
                  </properties>
                  <output><![CDATA[Can't add component 'SpriteRenderer' to TestEnemy because such a component is already added to the game object!
Can't add component 'Rigidbody2D' to TestEnemy because such a component is already added to the game object!
Can't add component 'SpriteRenderer' to PooledEnemy because such a component is already added to the game object!
Can't add component 'Rigidbody2D' to PooledEnemy because such a component is already added to the game object!
Can't add component 'SpriteRenderer' to PooledEnemy because such a component is already added to the game object!
Can't add component 'Rigidbody2D' to PooledEnemy because such a component is already added to the game object!
Can't add component 'SpriteRenderer' to PooledEnemy because such a component is already added to the game object!
Can't add component 'Rigidbody2D' to PooledEnemy because such a component is already added to the game object!
Can't add component 'SpriteRenderer' to PooledEnemy because such a component is already added to the game object!
Can't add component 'Rigidbody2D' to PooledEnemy because such a component is already added to the game object!
Can't add component 'SpriteRenderer' to PooledEnemy because such a component is already added to the game object!
Can't add component 'Rigidbody2D' to PooledEnemy because such a component is already added to the game object!
Can't add component 'Rigidbody2D' to TestEnemy because such a component is already added to the game object!
Can't add component 'SpriteRenderer' to TestEnemy because such a component is already added to the game object!
[BaseEnemy] Initialized enemy: TestEnemy
[BaseEnemy] Enemy spawned: TestEnemy
[BaseEnemy] Target updated to: (1.00, 2.00, 3.00), Distance: 2.24
]]></output>
                </test-case>
                <test-case id="1020" name="EnemySpawner_WhenCreated_HasCorrectDefaultValues" fullname="CZ.Tests.EditMode.Enemy.EnemySystemTests.EnemySpawner_WhenCreated_HasCorrectDefaultValues" methodname="EnemySpawner_WhenCreated_HasCorrectDefaultValues" classname="CZ.Tests.EditMode.Enemy.EnemySystemTests" runstate="Runnable" seed="889935261" result="Passed" start-time="2025-02-17 22:07:36Z" end-time="2025-02-17 22:07:36Z" duration="0.005613" asserts="0">
                  <properties>
                    <property name="retryIteration" value="0" />
                    <property name="repeatIteration" value="0" />
                  </properties>
                  <output><![CDATA[Can't add component 'SpriteRenderer' to TestEnemy because such a component is already added to the game object!
Can't add component 'Rigidbody2D' to TestEnemy because such a component is already added to the game object!
Can't add component 'SpriteRenderer' to PooledEnemy because such a component is already added to the game object!
Can't add component 'Rigidbody2D' to PooledEnemy because such a component is already added to the game object!
Can't add component 'SpriteRenderer' to PooledEnemy because such a component is already added to the game object!
Can't add component 'Rigidbody2D' to PooledEnemy because such a component is already added to the game object!
Can't add component 'SpriteRenderer' to PooledEnemy because such a component is already added to the game object!
Can't add component 'Rigidbody2D' to PooledEnemy because such a component is already added to the game object!
Can't add component 'SpriteRenderer' to PooledEnemy because such a component is already added to the game object!
Can't add component 'Rigidbody2D' to PooledEnemy because such a component is already added to the game object!
Can't add component 'SpriteRenderer' to PooledEnemy because such a component is already added to the game object!
Can't add component 'Rigidbody2D' to PooledEnemy because such a component is already added to the game object!
Saving results to: C:/Users/wiggl/AppData/LocalLow/Bobbert Games/CZGAME_U\TestResults.xml
]]></output>
                </test-case>
              </test-suite>
            </test-suite>
          </test-suite>
        </test-suite>
      </test-suite>
    </test-suite>
  </test-suite>
</test-run>