<?xml version="1.0" encoding="utf-8"?>
<test-run id="2" testcasecount="2" result="Passed" total="2" passed="2" failed="0" inconclusive="0" skipped="0" asserts="0" engine-version="3.5.0.0" clr-version="4.0.30319.42000" start-time="2025-02-16 16:56:20Z" end-time="2025-02-16 16:56:21Z" duration="1.6945191">
  <test-suite type="TestSuite" id="1017" name="CZGAME_U" fullname="CZGAME_U" runstate="Runnable" testcasecount="6" result="Passed" start-time="2025-02-16 16:56:20Z" end-time="2025-02-16 16:56:21Z" duration="1.694519" total="2" passed="2" failed="0" inconclusive="0" skipped="0" asserts="0">
    <properties>
      <property name="platform" value="PlayMode" />
    </properties>
    <test-suite type="Assembly" id="1010" name="CZ.Tests.PlayMode.dll" fullname="C:/Users/wiggl/Documents/Unity/CZGAME_U/Library/ScriptAssemblies/CZ.Tests.PlayMode.dll" runstate="Runnable" testcasecount="6" result="Passed" start-time="2025-02-16 16:56:20Z" end-time="2025-02-16 16:56:21Z" duration="1.686483" total="2" passed="2" failed="0" inconclusive="0" skipped="0" asserts="0">
      <properties>
        <property name="_PID" value="8992" />
        <property name="_APPDOMAIN" value="Unity Child Domain" />
        <property name="platform" value="PlayMode" />
        <property name="EditorOnly" value="False" />
      </properties>
      <test-suite type="TestSuite" id="1011" name="CZ" fullname="CZ" runstate="Runnable" testcasecount="6" result="Passed" start-time="2025-02-16 16:56:20Z" end-time="2025-02-16 16:56:21Z" duration="1.683385" total="2" passed="2" failed="0" inconclusive="0" skipped="0" asserts="0">
        <properties />
        <test-suite type="TestSuite" id="1012" name="Tests" fullname="CZ.Tests" runstate="Runnable" testcasecount="6" result="Passed" start-time="2025-02-16 16:56:20Z" end-time="2025-02-16 16:56:21Z" duration="1.680775" total="2" passed="2" failed="0" inconclusive="0" skipped="0" asserts="0">
          <properties />
          <test-suite type="TestSuite" id="1013" name="PlayMode" fullname="CZ.Tests.PlayMode" runstate="Runnable" testcasecount="6" result="Passed" start-time="2025-02-16 16:56:20Z" end-time="2025-02-16 16:56:21Z" duration="1.676173" total="2" passed="2" failed="0" inconclusive="0" skipped="0" asserts="0">
            <properties />
            <test-suite type="TestFixture" id="1005" name="PlayerControllerTests" fullname="CZ.Tests.PlayMode.PlayerControllerTests" classname="CZ.Tests.PlayMode.PlayerControllerTests" runstate="Runnable" testcasecount="2" result="Passed" start-time="2025-02-16 16:56:20Z" end-time="2025-02-16 16:56:21Z" duration="1.672035" total="2" passed="2" failed="0" inconclusive="0" skipped="0" asserts="0">
              <properties />
              <test-case id="1006" name="PlayerController_Movement_RespondsToInput" fullname="CZ.Tests.PlayMode.PlayerControllerTests.PlayerController_Movement_RespondsToInput" methodname="PlayerController_Movement_RespondsToInput" classname="CZ.Tests.PlayMode.PlayerControllerTests" runstate="Runnable" seed="1734688342" result="Passed" start-time="2025-02-16 16:56:20Z" end-time="2025-02-16 16:56:20Z" duration="0.616688" asserts="0">
                <properties>
                  <property name="_JOINTYPE" value="UnityCombinatorial" />
                  <property name="retryIteration" value="0" />
                  <property name="repeatIteration" value="0" />
                </properties>
                <output><![CDATA[Starting One Time Setup
One Time Setup Complete
Starting Standard Setup
Standard Setup Complete
Starting Unity Setup
Unity Setup Complete
Starting Standard Setup
Standard Setup Complete
Starting Standard Teardown
Standard Teardown Complete
Starting One Time Teardown
One Time Teardown Complete
]]></output>
              </test-case>
              <test-case id="1007" name="PlayerController_Velocity_RespectsMaxSpeed" fullname="CZ.Tests.PlayMode.PlayerControllerTests.PlayerController_Velocity_RespectsMaxSpeed" methodname="PlayerController_Velocity_RespectsMaxSpeed" classname="CZ.Tests.PlayMode.PlayerControllerTests" runstate="Runnable" seed="368178246" result="Passed" start-time="2025-02-16 16:56:20Z" end-time="2025-02-16 16:56:21Z" duration="1.041625" asserts="0">
                <properties>
                  <property name="_JOINTYPE" value="UnityCombinatorial" />
                  <property name="retryIteration" value="0" />
                  <property name="repeatIteration" value="0" />
                </properties>
                <output><![CDATA[Starting One Time Setup
One Time Setup Complete
Starting Standard Setup
Standard Setup Complete
Starting Unity Setup
Unity Setup Complete
Starting Standard Setup
Standard Setup Complete
Starting Standard Teardown
Standard Teardown Complete
Starting One Time Teardown
One Time Teardown Complete
Saving results to: C:/Users/wiggl/AppData/LocalLow/Bobbert Games/CZGAME_U\TestResults.xml
]]></output>
              </test-case>
            </test-suite>
          </test-suite>
        </test-suite>
      </test-suite>
    </test-suite>
  </test-suite>
</test-run>